<?xml version="1.0" encoding="UTF-8"?>
<!-- Generated by org.testng.reporters.JUnitReportReporter -->
<testsuite skipped="0" hostname="MOL-HSK-CIT0040" name="cljCheck.Tracking" tests="1" failures="0" timestamp="23 Jun 2018 20:03:31 GMT" time="16.505" errors="0">
  <testcase name="tracking" time="16.505" classname="cljCheck.Tracking"/>
</testsuite> <!-- cljCheck.Tracking -->
