<?xml version="1.0" encoding="UTF-8"?>
<!-- Generated by org.testng.reporters.JUnitReportReporter -->
<testsuite skipped="0" hostname="MOL-HSK-CIT0040" name="config.CmpConsent" tests="1" failures="0" timestamp="06 Jun 2018 13:40:51 GMT" time="13.669" errors="0">
  <testcase name="test" time="13.669" classname="config.CmpConsent"/>
</testsuite> <!-- config.CmpConsent -->
