<?xml version="1.0" encoding="UTF-8"?>
<!-- Generated by org.testng.reporters.JUnitReportReporter -->
<testsuite skipped="1" hostname="MOL-HSK-CIT0040" name="clj.Frontend.SEO_Module" tests="2" failures="0" timestamp="03 Aug 2018 12:45:11 GMT" time="109.300" errors="0">
  <testcase name="seoModule" time="45.355" classname="clj.Frontend.SEO_Module"/>
  <testcase name="seoModule" time="63.945" classname="clj.Frontend.SEO_Module">
    <skipped/>
  </testcase> <!-- seoModule -->
</testsuite> <!-- clj.Frontend.SEO_Module -->
