<?xml version="1.0" encoding="UTF-8"?>
<!-- Generated by org.testng.reporters.JUnitReportReporter -->
<testsuite skipped="0" hostname="MOL-HSK-CIT0040" name="clj.Frontend.PreNextControls" tests="2" failures="0" timestamp="03 Aug 2018 12:45:10 GMT" time="129.643" errors="0">
  <testcase name="PreNextControl" time="53.447" classname="clj.Frontend.PreNextControls"/>
  <testcase name="PreNextControl" time="76.196" classname="clj.Frontend.PreNextControls"/>
</testsuite> <!-- clj.Frontend.PreNextControls -->
