<?xml version="1.0" encoding="UTF-8"?>
<!-- Generated by org.testng.reporters.JUnitReportReporter -->
<testsuite skipped="0" hostname="MOL-HSK-CIT0040" name="cljCheck.MostShared" tests="4" failures="0" timestamp="24 Jul 2018 21:42:51 GMT" time="328.893" errors="0">
  <testcase name="MostShared_US_HomePage" time="104.554" classname="cljCheck.MostShared"/>
  <testcase name="MostShared_UK_HomePage" time="40.047" classname="cljCheck.MostShared"/>
  <testcase name="MostShared_UK_HomePage" time="87.503" classname="cljCheck.MostShared"/>
  <testcase name="MostShared_US_HomePage" time="96.789" classname="cljCheck.MostShared"/>
</testsuite> <!-- cljCheck.MostShared -->
