<?xml version="1.0" encoding="UTF-8"?>
<!-- Generated by org.testng.reporters.JUnitReportReporter -->
<testsuite skipped="0" hostname="MOL-HSK-CIT0040" name="cljCheck.Sample2" tests="1" failures="0" timestamp="06 Jul 2018 23:08:38 GMT" time="6.379" errors="0">
  <testcase name="sample1" time="6.379" classname="cljCheck.Sample2"/>
</testsuite> <!-- cljCheck.Sample2 -->
