<?xml version="1.0" encoding="UTF-8"?>
<!-- Generated by org.testng.reporters.JUnitReportReporter -->
<testsuite skipped="0" hostname="MOL-HSK-CIT0040" name="cljCheck.SocialShare" tests="9" failures="0" timestamp="18 Jun 2018 13:52:24 GMT" time="711.901" errors="0">
  <testcase name="h_FB_Icon_on_RelatedAtrticle" time="46.135" classname="cljCheck.SocialShare"/>
  <testcase name="f_SocialShare_Bottom_Article" time="80.359" classname="cljCheck.SocialShare"/>
  <testcase name="g_FB_Icon_FlyOut_onArticle" time="84.436" classname="cljCheck.SocialShare"/>
  <testcase name="c_SocialShare_UnderSearch_HomePage" time="96.785" classname="cljCheck.SocialShare"/>
  <testcase name="b_SocialShareArticlePreview" time="101.569" classname="cljCheck.SocialShare"/>
  <testcase name="a_FacebookLike_TopLeft_HomePage" time="47.996" classname="cljCheck.SocialShare"/>
  <testcase name="d_SocialShare_underSearch_Article" time="100.366" classname="cljCheck.SocialShare"/>
  <testcase name="e_SocialShare_Top_Article" time="77.606" classname="cljCheck.SocialShare"/>
  <testcase name="i_SocialShareOn_Comments" time="76.649" classname="cljCheck.SocialShare"/>
</testsuite> <!-- cljCheck.SocialShare -->
