<?xml version="1.0" encoding="UTF-8"?>
<!-- Generated by org.testng.reporters.JUnitReportReporter -->
<testsuite skipped="0" hostname="MOL-HSK-CIT0040" name="cljCheck.Poll" tests="2" failures="0" timestamp="18 Jun 2018 13:06:36 GMT" time="240.039" errors="0">
  <testcase name="b_PollonArticle" time="116.640" classname="cljCheck.Poll"/>
  <testcase name="a_PollonChannel" time="123.399" classname="cljCheck.Poll"/>
</testsuite> <!-- cljCheck.Poll -->
