<?xml version="1.0" encoding="UTF-8"?>
<!-- Generated by org.testng.reporters.JUnitReportReporter -->
<testsuite skipped="0" hostname="MOL-HSK-CIT0040" name="cljCheck.ReaderComment" tests="1" failures="0" timestamp="24 Jul 2018 21:37:08 GMT" time="42.073" errors="0">
  <testcase name="a_ArticleUrl" time="42.073" classname="cljCheck.ReaderComment"/>
</testsuite> <!-- cljCheck.ReaderComment -->
