<?xml version="1.0" encoding="UTF-8"?>
<!-- Generated by org.testng.reporters.JUnitReportReporter -->
<testsuite skipped="0" hostname="MOL-HSK-CIT0040" name="clj.Frontend.TopicPage" tests="6" failures="0" timestamp="03 Aug 2018 12:45:10 GMT" time="301.427" errors="0">
  <testcase name="b_TopicModules" time="37.609" classname="clj.Frontend.TopicPage"/>
  <testcase name="a_TopicPageHeading" time="19.220" classname="clj.Frontend.TopicPage"/>
  <testcase name="d_topic_names" time="53.312" classname="clj.Frontend.TopicPage"/>
  <testcase name="g_DontMiss" time="145.416" classname="clj.Frontend.TopicPage"/>
  <testcase name="c_TopicIndex" time="26.160" classname="clj.Frontend.TopicPage"/>
  <testcase name="h_WeathreTest" time="19.710" classname="clj.Frontend.TopicPage"/>
</testsuite> <!-- clj.Frontend.TopicPage -->
