<?xml version="1.0" encoding="UTF-8"?>
<!-- Generated by org.testng.reporters.JUnitReportReporter -->
<testsuite skipped="0" hostname="MOL-HSK-CIT0040" name="cljCheck.SEO_Module" tests="1" failures="0" timestamp="15 Jun 2018 16:05:36 GMT" time="61.284" errors="0">
  <testcase name="seoModule" time="61.284" classname="cljCheck.SEO_Module"/>
</testsuite> <!-- cljCheck.SEO_Module -->
