<?xml version="1.0" encoding="UTF-8"?>
<!-- Generated by org.testng.reporters.JUnitReportReporter -->
<testsuite skipped="0" hostname="MOL-HSK-CIT0040" name="browsers.Url" tests="1" failures="0" timestamp="16 Jun 2018 19:13:59 GMT" time="2.451" errors="0">
  <testcase name="getArticleUrl" time="2.451" classname="browsers.Url"/>
</testsuite> <!-- browsers.Url -->
