<?xml version="1.0" encoding="UTF-8"?>
<!-- Generated by org.testng.reporters.JUnitReportReporter -->
<testsuite skipped="0" hostname="MOL-HSK-CIT0040" name="clj.Frontend.SearchPage" tests="6" failures="0" timestamp="03 Aug 2018 12:45:10 GMT" time="145.056" errors="0">
  <testcase name="b_AdvanceSearchByChannel" time="19.571" classname="clj.Frontend.SearchPage"/>
  <testcase name="c_AdvanceSearchByContentType" time="21.069" classname="clj.Frontend.SearchPage"/>
  <testcase name="f_AdvanceSearchByDay" time="22.686" classname="clj.Frontend.SearchPage"/>
  <testcase name="a_SearchResult" time="42.186" classname="clj.Frontend.SearchPage"/>
  <testcase name="d_AdvanceSearchByAuthor" time="20.919" classname="clj.Frontend.SearchPage"/>
  <testcase name="e_AdvanceSearchByTopic" time="18.625" classname="clj.Frontend.SearchPage"/>
</testsuite> <!-- clj.Frontend.SearchPage -->
