<?xml version="1.0" encoding="UTF-8"?>
<!-- Generated by org.testng.reporters.JUnitReportReporter -->
<testsuite skipped="0" hostname="MOL-HSK-CIT0040" name="clj.Frontend.MostShared" tests="4" failures="0" timestamp="03 Aug 2018 12:45:10 GMT" time="259.964" errors="0">
  <testcase name="MostShared_UK_HomePage" time="77.816" classname="clj.Frontend.MostShared"/>
  <testcase name="MostShared_UK_HomePage" time="34.358" classname="clj.Frontend.MostShared"/>
  <testcase name="MostShared_US_HomePage" time="107.960" classname="clj.Frontend.MostShared"/>
  <testcase name="MostShared_US_HomePage" time="39.830" classname="clj.Frontend.MostShared"/>
</testsuite> <!-- clj.Frontend.MostShared -->
