<?xml version="1.0" encoding="UTF-8"?>
<!-- Generated by org.testng.reporters.JUnitReportReporter -->
<testsuite skipped="1" hostname="MOL-HSK-CIT0040" name="clj.Frontend.SpikedAndGeoblocked" tests="3" failures="0" timestamp="03 Aug 2018 12:45:10 GMT" time="226.241" errors="0">
  <testcase name="b_GeoblockedArticle" time="78.184" classname="clj.Frontend.SpikedAndGeoblocked"/>
  <testcase name="a_SpikedArticle" time="61.903" classname="clj.Frontend.SpikedAndGeoblocked"/>
  <testcase name="b_GeoblockedArticle" time="86.154" classname="clj.Frontend.SpikedAndGeoblocked">
    <skipped/>
  </testcase> <!-- b_GeoblockedArticle -->
</testsuite> <!-- clj.Frontend.SpikedAndGeoblocked -->
