<?xml version="1.0" encoding="UTF-8"?>
<!-- Generated by org.testng.reporters.JUnitReportReporter -->
<testsuite skipped="2" hostname="MOL-HSK-CIT0040" name="cljCheck.TopicPage" tests="8" failures="0" timestamp="15 Jun 2018 16:05:37 GMT" time="111.222" errors="0">
  <testcase name="c_TopicIndex" time="9.535" classname="cljCheck.TopicPage"/>
  <testcase name="f_topic_names" time="37.599" classname="cljCheck.TopicPage"/>
  <testcase name="h_WeathreTest" time="7.391" classname="cljCheck.TopicPage"/>
  <testcase name="a_TopicPageHeading" time="7.227" classname="cljCheck.TopicPage"/>
  <testcase name="g_DontMiss" time="27.706" classname="cljCheck.TopicPage"/>
  <testcase name="b_TopicModules" time="21.764" classname="cljCheck.TopicPage"/>
  <testcase name="e_Test6" classname="cljCheck.TopicPage">
    <skipped/>
  </testcase> <!-- e_Test6 -->
  <testcase name="d_Test5" classname="cljCheck.TopicPage">
    <skipped/>
  </testcase> <!-- d_Test5 -->
</testsuite> <!-- cljCheck.TopicPage -->
