<?xml version="1.0" encoding="UTF-8"?>
<!-- Generated by org.testng.reporters.JUnitReportReporter -->
<testsuite skipped="0" hostname="MOL-HSK-CIT0040" name="cljCheck.PreNextCtr" tests="1" failures="0" timestamp="15 Jun 2018 16:05:37 GMT" time="23.196" errors="0">
  <testcase name="PreNextControls" time="23.196" classname="cljCheck.PreNextCtr"/>
</testsuite> <!-- cljCheck.PreNextCtr -->
