<?xml version="1.0" encoding="UTF-8"?>
<!-- Generated by org.testng.reporters.JUnitReportReporter -->
<testsuite skipped="0" hostname="MOL-HSK-CIT0040" name="cljCheck.PrintAdNames" tests="1" failures="0" timestamp="04 Jul 2018 20:54:07 GMT" time="0.018" errors="0">
  <testcase name="AdsName" time="0.018" classname="cljCheck.PrintAdNames"/>
</testsuite> <!-- cljCheck.PrintAdNames -->
