<?xml version="1.0" encoding="UTF-8"?>
<!-- Generated by org.testng.reporters.JUnitReportReporter -->
<testsuite skipped="2" hostname="MOL-HSK-CIT0040" name="cljCheck.Ads" tests="3" failures="0" timestamp="23 Jul 2018 15:52:20 GMT" time="144.732" errors="0">
  <testcase name="Taboola" time="144.732" classname="cljCheck.Ads"/>
  <testcase name="MpuArticlePage" classname="cljCheck.Ads">
    <skipped/>
  </testcase> <!-- MpuArticlePage -->
  <testcase name="MpuHomePage" classname="cljCheck.Ads">
    <skipped/>
  </testcase> <!-- MpuHomePage -->
</testsuite> <!-- cljCheck.Ads -->
