<?xml version="1.0" encoding="UTF-8"?>
<!-- Generated by org.testng.reporters.JUnitReportReporter -->
<testsuite skipped="2" hostname="MOL-HSK-CIT0040" name="clj.Frontend.Sports" tests="9" failures="0" timestamp="03 Aug 2018 12:45:10 GMT" time="772.843" errors="0">
  <testcase name="e_weather" time="20.030" classname="clj.Frontend.Sports"/>
  <testcase name="h_MatchZones" time="80.199" classname="clj.Frontend.Sports"/>
  <testcase name="d_TopMenuAndMastHead" time="20.455" classname="clj.Frontend.Sports"/>
  <testcase name="a_StartsOfSportPuff" time="86.293" classname="clj.Frontend.Sports"/>
  <testcase name="c_Footer" time="23.056" classname="clj.Frontend.Sports"/>
  <testcase name="g_TeamPages" time="439.169" classname="clj.Frontend.Sports"/>
  <testcase name="b_MoreStartofSportsPuff" time="103.641" classname="clj.Frontend.Sports"/>
  <testcase name="i_AllElemets" classname="clj.Frontend.Sports">
    <skipped/>
  </testcase> <!-- i_AllElemets -->
  <testcase name="f_SubChannels" classname="clj.Frontend.Sports">
    <skipped/>
  </testcase> <!-- f_SubChannels -->
</testsuite> <!-- clj.Frontend.Sports -->
