<?xml version="1.0" encoding="UTF-8"?>
<!-- Generated by org.testng.reporters.JUnitReportReporter -->
<testsuite skipped="0" hostname="MOL-HSK-CIT0040" name="cljCheck.JsError" tests="1" failures="0" timestamp="11 Jun 2018 18:43:13 GMT" time="13.075" errors="0">
  <testcase name="testMethod" time="13.075" classname="cljCheck.JsError"/>
</testsuite> <!-- cljCheck.JsError -->
